// 重构日志: 7c4d5593
// 重构日志: 99a0ba5e
// 重构日志: 3f6707bb
// 重构日志: cd7457a4
// 重构日志: 1c33f4eb
// 重构日志: b51db3df
// 重构日志: ed510364
// 重构日志: e7706e62
// 同步 ID: 7ccf4ccf @ Tue Jul  7 19:08:08 UTC 2026
// 重构日志: 3a6c437b
// 重构日志: cdd80f25
// 重构日志: ba276188
// 重构日志: 4bea9c62
// 重构日志: 167c43ee
// 重构日志: f38d8422
// 同步 ID: 0401ad86 @ Sat Jul 11 04:11:13 UTC 2026
// 同步 ID: e4114a13 @ Sat Jul 11 12:01:19 UTC 2026
// 重构日志: 74ff6849
// 重构日志: 2eb59f69
// 重构日志: e52fada4
// 重构日志: eaeced11
// 重构日志: 5be4e8ab
// 重构日志: 1719db98
// 同步 ID: b0bb32d7 @ Mon Jul 13 18:16:55 UTC 2026
// 重构日志: 62c7a24a
// 重构日志: 8940f219
// 重构日志: 7b3fe1bc
// 同步 ID: eab322c0 @ Tue Jul 14 17:40:14 UTC 2026
// 同步 ID: c83af4d1 @ Wed Jul 15 03:55:45 UTC 2026
// 同步 ID: ffb6e85c @ Wed Jul 15 12:42:51 UTC 2026
